C51 COMPILER V7.09   UART                                                                  08/19/2009 15:47:55 PAGE 1   


C51 COMPILER V7.09, COMPILATION OF MODULE UART
OBJECT MODULE PLACED IN uart.obj
COMPILER INVOKED BY: C:\Keil\C51\BIN\C51.EXE uart\uart.c BROWSE DEBUG OBJECTEXTEND PRINT(.\uart.lst) OBJECT(uart.obj)

line level    source

   1          #include "c8051F340.h"
   2          #include <main.h>
   3          #include<uart\uart.h>
   4          /*******************************************************************************/
   5          //函数名称:void UART0_Init (void)
   6          //功能描述:串口初始化
   7          /*******************************************************************************/
   8          
   9          void UART0_Init (void)
  10          {
  11   1          SCON0 = 0x10;                       // SCON0: 8-bit variable bit rate
  12   1          if (SYSCLK/BAUDRATE/2/256 < 1)
  13   1          {
  14   2              TH1 = -(SYSCLK/BAUDRATE/2);
  15   2              CKCON &= ~0x0B;                  // T1M = 1; SCA1:0 = xx
  16   2              CKCON |=  0x08;
  17   2          } 
  18   1          else if (SYSCLK/BAUDRATE/2/256 < 4)
  19   1          {
  20   2              TH1 = -(SYSCLK/BAUDRATE/2/4);
  21   2              CKCON &= ~0x0B;                  // T1M = 0; SCA1:0 = 01
  22   2              CKCON |=  0x09;
  23   2          }
  24   1          else if (SYSCLK/BAUDRATE/2/256 < 12)
  25   1          {
  26   2              TH1 = -(SYSCLK/BAUDRATE/2/12);
  27   2              CKCON &= ~0x0B;                  // T1M = 0; SCA1:0 = 00
  28   2          } 
  29   1          else
  30   1          {
  31   2              TH1 = -(SYSCLK/BAUDRATE/2/48);
  32   2              CKCON &= ~0x0B;                  // T1M = 0; SCA1:0 = 10
  33   2              CKCON |=  0x02;
  34   2          }
  35   1          TL1 = TH1;                          // init Timer1
  36   1          TMOD &= ~0xf0;                      // TMOD: timer 1 in 8-bit autoreload
  37   1          TMOD |=  0x20;
  38   1          TR1 = 1;                            // START Timer1
  39   1          TI0 = 1;                            // Indicate TX0 ready
  40   1      }
  41          
  42          /*******************************************************************************/
  43          //函数名称:UART_send(unsigned char d)
  44          //功能描述:串口发送数据
  45          /*******************************************************************************/
  46          
  47          UART_send(unsigned char d)
  48          {
  49   1          SBUF0=d;
  50   1          while(!TI0);                        
  51   1          TI0 = 0;    
  52   1      }
  53          
  54          

C51 COMPILER V7.09   UART                                                                  08/19/2009 15:47:55 PAGE 2   


MODULE INFORMATION:   STATIC OVERLAYABLE
   CODE SIZE        =     34    ----
   CONSTANT SIZE    =   ----    ----
   XDATA SIZE       =   ----    ----
   PDATA SIZE       =   ----    ----
   DATA SIZE        =   ----    ----
   IDATA SIZE       =   ----    ----
   BIT SIZE         =   ----    ----
END OF MODULE INFORMATION.


C51 COMPILATION COMPLETE.  0 WARNING(S),  0 ERROR(S)
